<?xml version="1.0" encoding="UTF-8"?>
<!-- Generated by org.testng.reporters.JUnitXMLReporter -->
<testsuite hostname="anjur-win8" ignored="0" name="Default test" tests="3" failures="0" timestamp="31 Aug 2018 09:37:00 GMT" time="49.193" errors="0">
  <testcase name="loginPageTitleTest" time="0.088" classname="com.crm.qa.testcases.LoginPageTest"/>
  <testcase name="crmLogoImageTest" time="0.222" classname="com.crm.qa.testcases.LoginPageTest"/>
  <testcase name="loginTest" time="5.77" classname="com.crm.qa.testcases.LoginPageTest"/>
</testsuite> <!-- Default test -->
